2017-09-06 03:48:08,851 - connect.open.47 - ERROR - opne {http://js1.eastmoney.com} error
2017-09-06 03:48:08,852 - connect.open.48 - ERROR - Exception Logged
Traceback (most recent call last):
  File "/root/tools/Information-Gathering/info-scan/lib/connection/connect.py", line 40, in open
    response = urllib2.urlopen(request, timeout = self.timeout)
  File "/usr/lib/python2.7/urllib2.py", line 154, in urlopen
    return opener.open(url, data, timeout)
  File "/usr/lib/python2.7/urllib2.py", line 435, in open
    response = meth(req, response)
  File "/usr/lib/python2.7/urllib2.py", line 548, in http_response
    'http', request, response, code, msg, hdrs)
  File "/usr/lib/python2.7/urllib2.py", line 473, in error
    return self._call_chain(*args)
  File "/usr/lib/python2.7/urllib2.py", line 407, in _call_chain
    result = func(*args)
  File "/usr/lib/python2.7/urllib2.py", line 556, in http_error_default
    raise HTTPError(req.get_full_url(), code, msg, hdrs, fp)
HTTPError: HTTP Error 403: Forbidden
2017-09-06 03:48:08,978 - connect.open.47 - ERROR - opne {http://stattg.eastmoney.com} error
2017-09-06 03:48:08,978 - connect.open.48 - ERROR - Exception Logged
Traceback (most recent call last):
  File "/root/tools/Information-Gathering/info-scan/lib/connection/connect.py", line 40, in open
    response = urllib2.urlopen(request, timeout = self.timeout)
  File "/usr/lib/python2.7/urllib2.py", line 154, in urlopen
    return opener.open(url, data, timeout)
  File "/usr/lib/python2.7/urllib2.py", line 435, in open
    response = meth(req, response)
  File "/usr/lib/python2.7/urllib2.py", line 548, in http_response
    'http', request, response, code, msg, hdrs)
  File "/usr/lib/python2.7/urllib2.py", line 473, in error
    return self._call_chain(*args)
  File "/usr/lib/python2.7/urllib2.py", line 407, in _call_chain
    result = func(*args)
  File "/usr/lib/python2.7/urllib2.py", line 556, in http_error_default
    raise HTTPError(req.get_full_url(), code, msg, hdrs, fp)
HTTPError: HTTP Error 404: Not Found
2017-09-06 03:48:09,917 - connect.open.47 - ERROR - opne {http://js5.eastmoney.com} error
2017-09-06 03:48:09,918 - connect.open.48 - ERROR - Exception Logged
Traceback (most recent call last):
  File "/root/tools/Information-Gathering/info-scan/lib/connection/connect.py", line 40, in open
    response = urllib2.urlopen(request, timeout = self.timeout)
  File "/usr/lib/python2.7/urllib2.py", line 154, in urlopen
    return opener.open(url, data, timeout)
  File "/usr/lib/python2.7/urllib2.py", line 435, in open
    response = meth(req, response)
  File "/usr/lib/python2.7/urllib2.py", line 548, in http_response
    'http', request, response, code, msg, hdrs)
  File "/usr/lib/python2.7/urllib2.py", line 473, in error
    return self._call_chain(*args)
  File "/usr/lib/python2.7/urllib2.py", line 407, in _call_chain
    result = func(*args)
  File "/usr/lib/python2.7/urllib2.py", line 556, in http_error_default
    raise HTTPError(req.get_full_url(), code, msg, hdrs, fp)
HTTPError: HTTP Error 403: Forbidden
2017-09-06 03:48:10,909 - connect.open.47 - ERROR - opne {https://passport.eastmoney.com} error
2017-09-06 03:48:10,910 - connect.open.48 - ERROR - Exception Logged
Traceback (most recent call last):
  File "/root/tools/Information-Gathering/info-scan/lib/connection/connect.py", line 40, in open
    response = urllib2.urlopen(request, timeout = self.timeout)
  File "/usr/lib/python2.7/urllib2.py", line 154, in urlopen
    return opener.open(url, data, timeout)
  File "/usr/lib/python2.7/urllib2.py", line 435, in open
    response = meth(req, response)
  File "/usr/lib/python2.7/urllib2.py", line 548, in http_response
    'http', request, response, code, msg, hdrs)
  File "/usr/lib/python2.7/urllib2.py", line 473, in error
    return self._call_chain(*args)
  File "/usr/lib/python2.7/urllib2.py", line 407, in _call_chain
    result = func(*args)
  File "/usr/lib/python2.7/urllib2.py", line 556, in http_error_default
    raise HTTPError(req.get_full_url(), code, msg, hdrs, fp)
HTTPError: HTTP Error 403: Forbidden
2017-09-06 03:49:01,459 - connect.open.47 - ERROR - opne {http://js1.eastmoney.com} error
2017-09-06 03:49:01,476 - connect.open.47 - ERROR - opne {http://js5.eastmoney.com} error
2017-09-06 03:49:01,558 - connect.open.47 - ERROR - opne {http://stattg.eastmoney.com} error
2017-09-06 03:49:01,885 - connect.open.47 - ERROR - opne {https://passport.eastmoney.com} error
2017-09-06 03:49:04,392 - connect.open.47 - ERROR - opne {https://zqhd.eastmoney.com} error
2017-09-06 03:54:08,947 - connect.open.42 - DEBUG - http://www.eastmoney.com/ 200 ok
2017-09-06 03:54:09,364 - connect.open.42 - DEBUG - http://fund.eastmoney.com 200 ok
2017-09-06 03:54:09,374 - connect.open.42 - DEBUG - http://cp.eastmoney.com 200 ok
2017-09-06 03:54:09,394 - connect.open.42 - DEBUG - http://www.eastmoney.com 200 ok
2017-09-06 03:54:09,396 - connect.open.42 - DEBUG - http://i.eastmoney.com 200 ok
2017-09-06 03:54:09,418 - connect.open.42 - DEBUG - http://quote.eastmoney.com 200 ok
2017-09-06 03:54:09,441 - connect.open.42 - DEBUG - http://guba.eastmoney.com 200 ok
2017-09-06 03:54:09,442 - connect.open.49 - ERROR - opne {http://js5.eastmoney.com} failed
2017-09-06 03:54:09,445 - connect.open.49 - ERROR - opne {http://js1.eastmoney.com} failed
2017-09-06 03:54:09,451 - connect.open.42 - DEBUG - http://group.eastmoney.com 200 ok
2017-09-06 03:54:09,476 - connect.open.42 - DEBUG - http://gold.eastmoney.com 200 ok
2017-09-06 03:54:09,478 - connect.open.42 - DEBUG - http://xinsanban.eastmoney.com 200 ok
2017-09-06 03:54:09,479 - connect.open.42 - DEBUG - http://global.eastmoney.com 200 ok
2017-09-06 03:54:09,482 - connect.open.42 - DEBUG - http://hk.eastmoney.com 200 ok
2017-09-06 03:54:09,486 - connect.open.42 - DEBUG - http://media.eastmoney.com 200 ok
2017-09-06 03:54:09,487 - connect.open.42 - DEBUG - http://forex.eastmoney.com 200 ok
2017-09-06 03:54:09,489 - connect.open.42 - DEBUG - http://money.eastmoney.com 200 ok
2017-09-06 03:54:09,491 - connect.open.42 - DEBUG - http://bond.eastmoney.com 200 ok
2017-09-06 03:54:09,492 - connect.open.42 - DEBUG - http://fundact.eastmoney.com 200 ok
2017-09-06 03:54:09,493 - connect.open.42 - DEBUG - http://gpkh.eastmoney.com 200 ok
2017-09-06 03:54:09,501 - connect.open.42 - DEBUG - http://trust.eastmoney.com 200 ok
2017-09-06 03:54:09,502 - connect.open.42 - DEBUG - http://blog.eastmoney.com 200 ok
2017-09-06 03:54:09,509 - connect.open.42 - DEBUG - http://data.eastmoney.com 200 ok
2017-09-06 03:54:09,511 - connect.open.42 - DEBUG - http://insurance.eastmoney.com 200 ok
2017-09-06 03:54:09,516 - connect.open.42 - DEBUG - http://video.eastmoney.com 200 ok
2017-09-06 03:54:09,517 - connect.open.42 - DEBUG - http://auto.eastmoney.com 200 ok
2017-09-06 03:54:09,519 - connect.open.42 - DEBUG - http://mingjia.eastmoney.com 200 ok
2017-09-06 03:54:09,523 - connect.open.42 - DEBUG - http://caipiao.eastmoney.com 200 ok
2017-09-06 03:54:09,536 - connect.open.42 - DEBUG - http://simu.eastmoney.com 200 ok
2017-09-06 03:54:09,540 - connect.open.42 - DEBUG - http://caifuhao.eastmoney.com 200 ok
2017-09-06 03:54:09,544 - connect.open.42 - DEBUG - http://toujiao.eastmoney.com 200 ok
2017-09-06 03:54:09,547 - connect.open.42 - DEBUG - http://roll.eastmoney.com 200 ok
2017-09-06 03:54:09,557 - connect.open.42 - DEBUG - http://topic.eastmoney.com 200 ok
2017-09-06 03:54:09,576 - connect.open.49 - ERROR - opne {http://stattg.eastmoney.com} failed
2017-09-06 03:54:09,599 - connect.open.42 - DEBUG - http://kuaixun.eastmoney.com 200 ok
2017-09-06 03:54:09,602 - connect.open.42 - DEBUG - http://emhd2.eastmoney.com 200 ok
2017-09-06 03:54:09,603 - connect.open.42 - DEBUG - http://contest.eastmoney.com 200 ok
2017-09-06 03:54:09,667 - connect.open.42 - DEBUG - http://corp.eastmoney.com 200 ok
2017-09-06 03:54:09,679 - connect.open.42 - DEBUG - http://finance.eastmoney.com 200 ok
2017-09-06 03:54:09,736 - connect.open.42 - DEBUG - https://acttg.eastmoney.com 200 ok
2017-09-06 03:54:09,789 - connect.open.49 - ERROR - opne {https://passport.eastmoney.com} failed
2017-09-06 03:54:10,000 - connect.open.42 - DEBUG - http://vote.eastmoney.com 200 ok
2017-09-06 03:54:10,000 - connect.open.42 - DEBUG - http://jijinba.eastmoney.com 200 ok
2017-09-06 03:54:10,031 - connect.open.42 - DEBUG - http://so.eastmoney.com 200 ok
2017-09-06 03:54:10,141 - connect.open.42 - DEBUG - http://stock.eastmoney.com 200 ok
2017-09-06 03:54:10,488 - connect.open.49 - ERROR - opne {https://zqhd.eastmoney.com} failed
2017-09-06 03:54:10,574 - connect.open.42 - DEBUG - http://fundbook.eastmoney.com 200 ok
2017-09-06 03:54:10,736 - connect.open.42 - DEBUG - http://mp.caifuhao.eastmoney.com 200 ok
2017-09-06 03:54:10,996 - connect.open.42 - DEBUG - http://bank.eastmoney.com 200 ok
2017-09-06 03:54:11,008 - connect.open.42 - DEBUG - http://option.eastmoney.com 200 ok
2017-09-06 03:54:11,020 - connect.open.42 - DEBUG - http://futures.eastmoney.com 200 ok
2017-09-06 03:54:11,377 - connect.open.42 - DEBUG - http://iguba.eastmoney.com 200 ok
2017-09-06 03:54:11,517 - connect.open.42 - DEBUG - http://life.eastmoney.com 200 ok
2017-09-06 03:54:11,553 - connect.open.42 - DEBUG - http://fundsc.eastmoney.com 200 ok
2017-09-06 03:54:11,622 - connect.open.42 - DEBUG - https://contest.securities.eastmoney.com 200 ok
2017-09-06 03:54:11,657 - connect.open.42 - DEBUG - https://kh.eastmoney.com 200 ok
2017-09-06 03:54:12,449 - connect.open.42 - DEBUG - http://control.blog.eastmoney.com 200 ok
2017-09-06 03:54:12,490 - connect.open.42 - DEBUG - http://biz.eastmoney.com 200 ok
2017-09-06 03:54:12,491 - connect.open.42 - DEBUG - http://enterprise.eastmoney.com 200 ok
2017-09-06 03:54:12,493 - connect.open.42 - DEBUG - http://renwu.eastmoney.com 200 ok
2017-09-06 03:54:12,500 - connect.open.42 - DEBUG - http://gubatopic.eastmoney.com 200 ok
2017-09-06 03:54:12,505 - connect.open.42 - DEBUG - http://same.eastmoney.com 200 ok
2017-09-06 03:54:12,503 - connect.open.42 - DEBUG - http://choice.eastmoney.com 200 ok
2017-09-06 03:54:12,526 - connect.open.42 - DEBUG - http://jigou.eastmoney.com 200 ok
2017-09-06 03:54:12,577 - connect.open.42 - DEBUG - http://about.eastmoney.com 200 ok
2017-09-06 03:54:12,655 - connect.open.42 - DEBUG - https://hkjy.eastmoney.com 200 ok
2017-09-06 03:54:13,228 - connect.open.42 - DEBUG - http://show.eastmoney.com 200 ok
2017-09-06 03:55:00,535 - connect.open.42 - DEBUG - http://www.eastmoney.com/ 200 ok
2017-09-06 03:55:00,928 - connect.open.42 - DEBUG - http://cp.eastmoney.com 200 ok
2017-09-06 03:55:00,930 - connect.open.42 - DEBUG - http://fundact.eastmoney.com 200 ok
2017-09-06 03:55:00,934 - connect.open.42 - DEBUG - http://fund.eastmoney.com 200 ok
2017-09-06 03:55:00,936 - connect.open.42 - DEBUG - http://www.eastmoney.com 200 ok
2017-09-06 03:55:00,947 - connect.open.42 - DEBUG - http://finance.eastmoney.com 200 ok
2017-09-06 03:55:00,948 - connect.open.42 - DEBUG - http://i.eastmoney.com 200 ok
2017-09-06 03:55:00,960 - connect.open.42 - DEBUG - http://stock.eastmoney.com 200 ok
2017-09-06 03:55:00,967 - connect.open.42 - DEBUG - http://quote.eastmoney.com 200 ok
2017-09-06 03:55:00,999 - connect.open.49 - DEBUG - http://js1.eastmoney.com failed
2017-09-06 03:55:01,006 - connect.open.42 - DEBUG - http://guba.eastmoney.com 200 ok
2017-09-06 03:55:01,025 - connect.open.42 - DEBUG - http://global.eastmoney.com 200 ok
2017-09-06 03:55:01,033 - connect.open.42 - DEBUG - http://hk.eastmoney.com 200 ok
2017-09-06 03:55:01,035 - connect.open.42 - DEBUG - http://option.eastmoney.com 200 ok
2017-09-06 03:55:01,036 - connect.open.42 - DEBUG - http://money.eastmoney.com 200 ok
2017-09-06 03:55:01,040 - connect.open.42 - DEBUG - http://topic.eastmoney.com 200 ok
2017-09-06 03:55:01,043 - connect.open.42 - DEBUG - http://xinsanban.eastmoney.com 200 ok
2017-09-06 03:55:01,049 - connect.open.42 - DEBUG - http://gpkh.eastmoney.com 200 ok
2017-09-06 03:55:01,050 - connect.open.42 - DEBUG - http://insurance.eastmoney.com 200 ok
2017-09-06 03:55:01,051 - connect.open.42 - DEBUG - http://biz.eastmoney.com 200 ok
2017-09-06 03:55:01,054 - connect.open.42 - DEBUG - http://enterprise.eastmoney.com 200 ok
2017-09-06 03:55:01,057 - connect.open.42 - DEBUG - http://trust.eastmoney.com 200 ok
2017-09-06 03:55:01,058 - connect.open.42 - DEBUG - http://media.eastmoney.com 200 ok
2017-09-06 03:55:01,060 - connect.open.42 - DEBUG - http://kuaixun.eastmoney.com 200 ok
2017-09-06 03:55:01,082 - connect.open.42 - DEBUG - http://same.eastmoney.com 200 ok
2017-09-06 03:55:01,098 - connect.open.42 - DEBUG - http://fundbook.eastmoney.com 200 ok
2017-09-06 03:55:01,105 - connect.open.42 - DEBUG - https://acttg.eastmoney.com 200 ok
2017-09-06 03:55:01,108 - connect.open.42 - DEBUG - http://show.eastmoney.com 200 ok
2017-09-06 03:55:01,147 - connect.open.42 - DEBUG - http://data.eastmoney.com 200 ok
2017-09-06 03:55:01,151 - connect.open.42 - DEBUG - http://contest.eastmoney.com 200 ok
2017-09-06 03:55:01,155 - connect.open.42 - DEBUG - http://emhd2.eastmoney.com 200 ok
2017-09-06 03:55:01,174 - connect.open.42 - DEBUG - http://simu.eastmoney.com 200 ok
2017-09-06 03:55:01,219 - connect.open.42 - DEBUG - http://corp.eastmoney.com 200 ok
2017-09-06 03:55:01,296 - connect.open.49 - DEBUG - http://js5.eastmoney.com failed
2017-09-06 03:55:01,354 - connect.open.42 - DEBUG - http://group.eastmoney.com 200 ok
2017-09-06 03:55:01,451 - connect.open.42 - DEBUG - http://fundsc.eastmoney.com 200 ok
2017-09-06 03:55:01,571 - connect.open.42 - DEBUG - http://vote.eastmoney.com 200 ok
2017-09-06 03:55:01,577 - connect.open.42 - DEBUG - http://jijinba.eastmoney.com 200 ok
2017-09-06 03:55:02,047 - connect.open.42 - DEBUG - http://bond.eastmoney.com 200 ok
2017-09-06 03:55:02,071 - connect.open.42 - DEBUG - http://renwu.eastmoney.com 200 ok
2017-09-06 03:55:02,150 - connect.open.42 - DEBUG - https://kh.eastmoney.com 200 ok
2017-09-06 03:55:02,486 - connect.open.49 - DEBUG - http://stattg.eastmoney.com failed
2017-09-06 03:55:02,569 - connect.open.42 - DEBUG - http://futures.eastmoney.com 200 ok
2017-09-06 03:55:02,584 - connect.open.42 - DEBUG - https://zqhd.eastmoney.com 200 ok
2017-09-06 03:55:02,997 - connect.open.42 - DEBUG - http://auto.eastmoney.com 200 ok
2017-09-06 03:55:02,999 - connect.open.42 - DEBUG - http://video.eastmoney.com 200 ok
2017-09-06 03:55:03,011 - connect.open.42 - DEBUG - http://jigou.eastmoney.com 200 ok
2017-09-06 03:55:03,021 - connect.open.42 - DEBUG - http://caipiao.eastmoney.com 200 ok
2017-09-06 03:55:03,038 - connect.open.42 - DEBUG - http://mingjia.eastmoney.com 200 ok
2017-09-06 03:55:03,040 - connect.open.42 - DEBUG - http://gubatopic.eastmoney.com 200 ok
2017-09-06 03:55:03,064 - connect.open.42 - DEBUG - http://mp.caifuhao.eastmoney.com 200 ok
2017-09-06 03:55:03,078 - connect.open.42 - DEBUG - https://contest.securities.eastmoney.com 200 ok
2017-09-06 03:55:03,084 - connect.open.42 - DEBUG - http://life.eastmoney.com 200 ok
2017-09-06 03:55:03,695 - connect.open.42 - DEBUG - http://iguba.eastmoney.com 200 ok
2017-09-06 03:55:03,745 - connect.open.42 - DEBUG - http://control.blog.eastmoney.com 200 ok
2017-09-06 03:55:03,984 - connect.open.42 - DEBUG - http://forex.eastmoney.com 200 ok
2017-09-06 03:55:04,050 - connect.open.42 - DEBUG - http://choice.eastmoney.com 200 ok
2017-09-06 03:55:04,054 - connect.open.42 - DEBUG - http://caifuhao.eastmoney.com 200 ok
2017-09-06 03:55:04,055 - connect.open.42 - DEBUG - http://roll.eastmoney.com 200 ok
2017-09-06 03:55:04,056 - connect.open.42 - DEBUG - http://gold.eastmoney.com 200 ok
2017-09-06 03:55:04,078 - connect.open.42 - DEBUG - http://bank.eastmoney.com 200 ok
2017-09-06 03:55:04,089 - connect.open.42 - DEBUG - http://blog.eastmoney.com 200 ok
2017-09-06 03:55:04,092 - connect.open.42 - DEBUG - http://so.eastmoney.com 200 ok
2017-09-06 03:55:04,249 - connect.open.42 - DEBUG - https://hkjy.eastmoney.com 200 ok
2017-09-06 03:55:04,585 - connect.open.42 - DEBUG - http://toujiao.eastmoney.com 200 ok
2017-09-06 03:55:05,251 - connect.open.49 - DEBUG - https://passport.eastmoney.com failed
2017-09-06 03:55:08,203 - connect.open.42 - DEBUG - http://about.eastmoney.com 200 ok
2017-09-06 04:10:54,432 - connect.open.42 - DEBUG - http://www.eastmoney.com/ 200 ok
2017-09-06 04:10:54,876 - connect.open.42 - DEBUG - http://fund.eastmoney.com 200 ok
2017-09-06 04:10:54,878 - connect.open.42 - DEBUG - http://cp.eastmoney.com 200 ok
2017-09-06 04:10:54,900 - connect.open.42 - DEBUG - http://i.eastmoney.com 200 ok
2017-09-06 04:10:54,907 - connect.open.42 - DEBUG - http://www.eastmoney.com 200 ok
2017-09-06 04:10:54,922 - connect.open.42 - DEBUG - http://data.eastmoney.com 200 ok
2017-09-06 04:10:54,922 - connect.open.42 - DEBUG - http://quote.eastmoney.com 200 ok
2017-09-06 04:10:54,930 - connect.open.42 - DEBUG - http://stock.eastmoney.com 200 ok
2017-09-06 04:10:54,980 - connect.open.42 - DEBUG - http://group.eastmoney.com 200 ok
2017-09-06 04:10:54,986 - connect.open.42 - DEBUG - http://hk.eastmoney.com 200 ok
2017-09-06 04:10:54,991 - connect.open.42 - DEBUG - http://global.eastmoney.com 200 ok
2017-09-06 04:10:54,993 - connect.open.42 - DEBUG - http://option.eastmoney.com 200 ok
2017-09-06 04:10:54,995 - connect.open.42 - DEBUG - http://xinsanban.eastmoney.com 200 ok
2017-09-06 04:10:55,009 - connect.open.42 - DEBUG - http://biz.eastmoney.com 200 ok
2017-09-06 04:10:55,017 - connect.open.42 - DEBUG - http://insurance.eastmoney.com 200 ok
2017-09-06 04:10:55,018 - connect.open.42 - DEBUG - http://bond.eastmoney.com 200 ok
2017-09-06 04:10:55,020 - connect.open.42 - DEBUG - http://fundact.eastmoney.com 200 ok
2017-09-06 04:10:55,020 - connect.open.42 - DEBUG - http://bank.eastmoney.com 200 ok
2017-09-06 04:10:55,023 - connect.open.42 - DEBUG - http://blog.eastmoney.com 200 ok
2017-09-06 04:10:55,027 - connect.open.42 - DEBUG - http://media.eastmoney.com 200 ok
2017-09-06 04:10:55,061 - connect.open.42 - DEBUG - http://topic.eastmoney.com 200 ok
2017-09-06 04:10:55,069 - connect.open.42 - DEBUG - http://caifuhao.eastmoney.com 200 ok
2017-09-06 04:10:55,087 - connect.open.42 - DEBUG - http://roll.eastmoney.com 200 ok
2017-09-06 04:10:55,097 - connect.open.42 - DEBUG - http://same.eastmoney.com 200 ok
2017-09-06 04:10:55,184 - connect.open.42 - DEBUG - http://finance.eastmoney.com 200 ok
2017-09-06 04:10:55,213 - connect.open.42 - DEBUG - http://mp.caifuhao.eastmoney.com 200 ok
2017-09-06 04:10:55,337 - connect.open.42 - DEBUG - https://contest.securities.eastmoney.com 200 ok
2017-09-06 04:10:55,446 - connect.open.42 - DEBUG - http://kuaixun.eastmoney.com 200 ok
2017-09-06 04:10:55,467 - connect.open.42 - DEBUG - http://gpkh.eastmoney.com 200 ok
2017-09-06 04:10:55,499 - connect.open.42 - DEBUG - http://guba.eastmoney.com 200 ok
2017-09-06 04:10:55,810 - connect.open.42 - DEBUG - http://simu.eastmoney.com 200 ok
2017-09-06 04:10:56,037 - connect.open.42 - DEBUG - http://caipiao.eastmoney.com 200 ok
2017-09-06 04:10:56,092 - connect.open.42 - DEBUG - https://kh.eastmoney.com 200 ok
2017-09-06 04:10:56,883 - connect.open.42 - DEBUG - http://jigou.eastmoney.com 200 ok
2017-09-06 04:10:56,969 - connect.open.42 - DEBUG - http://enterprise.eastmoney.com 200 ok
2017-09-06 04:10:56,987 - connect.open.42 - DEBUG - http://auto.eastmoney.com 200 ok
2017-09-06 04:10:57,004 - connect.open.42 - DEBUG - http://vote.eastmoney.com 200 ok
2017-09-06 04:10:57,011 - connect.open.42 - DEBUG - http://jijinba.eastmoney.com 200 ok
2017-09-06 04:10:57,022 - connect.open.42 - DEBUG - http://renwu.eastmoney.com 200 ok
2017-09-06 04:10:57,042 - connect.open.42 - DEBUG - http://show.eastmoney.com 200 ok
2017-09-06 04:10:57,069 - connect.open.42 - DEBUG - http://life.eastmoney.com 200 ok
2017-09-06 04:10:57,079 - connect.open.42 - DEBUG - http://about.eastmoney.com 200 ok
2017-09-06 04:10:57,102 - connect.open.42 - DEBUG - http://emhd2.eastmoney.com 200 ok
2017-09-06 04:10:57,146 - connect.open.42 - DEBUG - http://corp.eastmoney.com 200 ok
2017-09-06 04:10:57,148 - connect.open.42 - DEBUG - http://contest.eastmoney.com 200 ok
2017-09-06 04:10:57,331 - connect.open.42 - DEBUG - http://so.eastmoney.com 200 ok
2017-09-06 04:10:57,474 - connect.open.42 - DEBUG - https://zqhd.eastmoney.com 200 ok
2017-09-06 04:10:57,952 - connect.open.42 - DEBUG - http://forex.eastmoney.com 200 ok
2017-09-06 04:10:57,958 - connect.open.42 - DEBUG - http://gold.eastmoney.com 200 ok
2017-09-06 04:10:57,994 - connect.open.42 - DEBUG - http://iguba.eastmoney.com 200 ok
2017-09-06 04:10:58,015 - connect.open.42 - DEBUG - http://money.eastmoney.com 200 ok
2017-09-06 04:10:58,029 - connect.open.42 - DEBUG - http://video.eastmoney.com 200 ok
2017-09-06 04:10:58,045 - connect.open.42 - DEBUG - http://gubatopic.eastmoney.com 200 ok
2017-09-06 04:10:58,050 - connect.open.42 - DEBUG - http://fundbook.eastmoney.com 200 ok
2017-09-06 04:10:58,062 - connect.open.42 - DEBUG - http://futures.eastmoney.com 200 ok
2017-09-06 04:10:58,071 - connect.open.42 - DEBUG - http://mingjia.eastmoney.com 200 ok
2017-09-06 04:10:58,077 - connect.open.42 - DEBUG - http://control.blog.eastmoney.com 200 ok
2017-09-06 04:10:58,084 - connect.open.42 - DEBUG - http://trust.eastmoney.com 200 ok
2017-09-06 04:10:58,113 - connect.open.42 - DEBUG - http://choice.eastmoney.com 200 ok
2017-09-06 04:10:58,133 - connect.open.42 - DEBUG - http://toujiao.eastmoney.com 200 ok
2017-09-06 04:10:58,159 - connect.open.42 - DEBUG - http://fundsc.eastmoney.com 200 ok
2017-09-06 04:10:58,185 - connect.open.42 - DEBUG - https://hkjy.eastmoney.com 200 ok
2017-09-06 04:10:58,254 - connect.open.42 - DEBUG - https://acttg.eastmoney.com 200 ok
2017-09-06 04:11:47,031 - connect.open.42 - DEBUG - http://www.eastmoney.com/ 200 ok
2017-09-06 04:11:47,424 - connect.open.42 - DEBUG - http://fund.eastmoney.com 200 ok
2017-09-06 04:11:47,432 - connect.open.42 - DEBUG - http://cp.eastmoney.com 200 ok
2017-09-06 04:11:47,448 - connect.open.42 - DEBUG - http://fundact.eastmoney.com 200 ok
2017-09-06 04:11:47,461 - connect.open.42 - DEBUG - http://i.eastmoney.com 200 ok
2017-09-06 04:11:47,467 - connect.open.42 - DEBUG - http://www.eastmoney.com 200 ok
2017-09-06 04:11:47,477 - connect.open.42 - DEBUG - http://quote.eastmoney.com 200 ok
2017-09-06 04:11:47,481 - connect.open.42 - DEBUG - http://finance.eastmoney.com 200 ok
2017-09-06 04:11:47,510 - connect.open.42 - DEBUG - http://guba.eastmoney.com 200 ok
2017-09-06 04:11:47,541 - connect.open.42 - DEBUG - http://global.eastmoney.com 200 ok
2017-09-06 04:11:47,544 - connect.open.42 - DEBUG - http://option.eastmoney.com 200 ok
2017-09-06 04:11:47,545 - connect.open.42 - DEBUG - http://hk.eastmoney.com 200 ok
2017-09-06 04:11:47,552 - connect.open.42 - DEBUG - http://xinsanban.eastmoney.com 200 ok
2017-09-06 04:11:47,556 - connect.open.42 - DEBUG - http://money.eastmoney.com 200 ok
2017-09-06 04:11:47,558 - connect.open.42 - DEBUG - http://gold.eastmoney.com 200 ok
2017-09-06 04:11:47,562 - connect.open.42 - DEBUG - http://stock.eastmoney.com 200 ok
2017-09-06 04:11:47,562 - connect.open.42 - DEBUG - http://trust.eastmoney.com 200 ok
2017-09-06 04:11:47,568 - connect.open.42 - DEBUG - http://bond.eastmoney.com 200 ok
2017-09-06 04:11:47,571 - connect.open.42 - DEBUG - http://group.eastmoney.com 200 ok
2017-09-06 04:11:47,574 - connect.open.42 - DEBUG - http://gpkh.eastmoney.com 200 ok
2017-09-06 04:11:47,576 - connect.open.42 - DEBUG - http://topic.eastmoney.com 200 ok
2017-09-06 04:11:47,579 - connect.open.42 - DEBUG - http://media.eastmoney.com 200 ok
2017-09-06 04:11:47,582 - connect.open.42 - DEBUG - http://renwu.eastmoney.com 200 ok
2017-09-06 04:11:47,592 - connect.open.42 - DEBUG - http://video.eastmoney.com 200 ok
2017-09-06 04:11:47,597 - connect.open.42 - DEBUG - http://contest.eastmoney.com 200 ok
2017-09-06 04:11:47,629 - connect.open.42 - DEBUG - http://gubatopic.eastmoney.com 200 ok
2017-09-06 04:11:47,730 - connect.open.42 - DEBUG - http://data.eastmoney.com 200 ok
2017-09-06 04:11:47,798 - connect.open.42 - DEBUG - http://kuaixun.eastmoney.com 200 ok
2017-09-06 04:11:47,871 - connect.open.42 - DEBUG - http://caipiao.eastmoney.com 200 ok
2017-09-06 04:11:48,071 - connect.open.42 - DEBUG - http://so.eastmoney.com 200 ok
2017-09-06 04:11:48,098 - connect.open.42 - DEBUG - https://contest.securities.eastmoney.com 200 ok
2017-09-06 04:11:48,189 - connect.open.42 - DEBUG - http://simu.eastmoney.com 200 ok
2017-09-06 04:11:48,239 - connect.open.42 - DEBUG - http://control.blog.eastmoney.com 200 ok
2017-09-06 04:11:48,454 - connect.open.42 - DEBUG - http://fundsc.eastmoney.com 200 ok
2017-09-06 04:11:48,657 - connect.open.42 - DEBUG - http://mp.caifuhao.eastmoney.com 200 ok
2017-09-06 04:11:48,731 - connect.open.42 - DEBUG - https://kh.eastmoney.com 200 ok
2017-09-06 04:11:49,114 - connect.open.42 - DEBUG - http://mingjia.eastmoney.com 200 ok
2017-09-06 04:11:49,155 - connect.open.42 - DEBUG - http://auto.eastmoney.com 200 ok
2017-09-06 04:11:49,179 - connect.open.42 - DEBUG - http://roll.eastmoney.com 200 ok
2017-09-06 04:11:49,581 - connect.open.42 - DEBUG - http://vote.eastmoney.com 200 ok
2017-09-06 04:11:49,578 - connect.open.42 - DEBUG - http://jijinba.eastmoney.com 200 ok
2017-09-06 04:11:49,587 - connect.open.42 - DEBUG - http://fundbook.eastmoney.com 200 ok
2017-09-06 04:11:49,587 - connect.open.42 - DEBUG - http://show.eastmoney.com 200 ok
2017-09-06 04:11:49,595 - connect.open.42 - DEBUG - http://life.eastmoney.com 200 ok
2017-09-06 04:11:49,606 - connect.open.42 - DEBUG - http://emhd2.eastmoney.com 200 ok
2017-09-06 04:11:49,611 - connect.open.42 - DEBUG - http://iguba.eastmoney.com 200 ok
2017-09-06 04:11:49,637 - connect.open.42 - DEBUG - https://hkjy.eastmoney.com 200 ok
2017-09-06 04:11:49,698 - connect.open.42 - DEBUG - http://corp.eastmoney.com 200 ok
2017-09-06 04:11:49,966 - connect.open.42 - DEBUG - https://acttg.eastmoney.com 200 ok
2017-09-06 04:11:50,114 - connect.open.42 - DEBUG - https://zqhd.eastmoney.com 200 ok
2017-09-06 04:11:50,504 - connect.open.42 - DEBUG - http://forex.eastmoney.com 200 ok
2017-09-06 04:11:50,517 - connect.open.42 - DEBUG - http://insurance.eastmoney.com 200 ok
2017-09-06 04:11:50,536 - connect.open.42 - DEBUG - http://biz.eastmoney.com 200 ok
2017-09-06 04:11:50,536 - connect.open.42 - DEBUG - http://bank.eastmoney.com 200 ok
2017-09-06 04:11:50,589 - connect.open.42 - DEBUG - http://jigou.eastmoney.com 200 ok
2017-09-06 04:11:50,603 - connect.open.42 - DEBUG - http://choice.eastmoney.com 200 ok
2017-09-06 04:11:50,607 - connect.open.42 - DEBUG - http://caifuhao.eastmoney.com 200 ok
2017-09-06 04:11:50,608 - connect.open.42 - DEBUG - http://same.eastmoney.com 200 ok
2017-09-06 04:11:50,613 - connect.open.42 - DEBUG - http://enterprise.eastmoney.com 200 ok
2017-09-06 04:11:50,623 - connect.open.42 - DEBUG - http://futures.eastmoney.com 200 ok
2017-09-06 04:11:50,626 - connect.open.42 - DEBUG - http://about.eastmoney.com 200 ok
2017-09-06 04:11:50,681 - connect.open.42 - DEBUG - http://toujiao.eastmoney.com 200 ok
2017-09-06 04:11:50,685 - connect.open.42 - DEBUG - http://blog.eastmoney.com 200 ok
2017-09-06 04:23:48,437 - connect.open.42 - DEBUG - http://www.eastmoney.com/ 200 ok
2017-09-06 04:23:49,012 - connect.open.42 - DEBUG - http://fund.eastmoney.com 200 ok
2017-09-06 04:23:49,019 - connect.open.42 - DEBUG - http://cp.eastmoney.com 200 ok
2017-09-06 04:23:49,032 - connect.open.42 - DEBUG - http://i.eastmoney.com 200 ok
2017-09-06 04:23:49,045 - connect.open.42 - DEBUG - http://www.eastmoney.com 200 ok
2017-09-06 04:23:49,048 - connect.open.42 - DEBUG - http://finance.eastmoney.com 200 ok
2017-09-06 04:23:49,059 - connect.open.42 - DEBUG - http://stock.eastmoney.com 200 ok
2017-09-06 04:23:49,070 - connect.open.42 - DEBUG - http://data.eastmoney.com 200 ok
2017-09-06 04:23:49,089 - scrawler.run.161 - WARNING - http://js5.eastmoney.com failed
2017-09-06 04:23:49,090 - scrawler.run.161 - WARNING - http://js1.eastmoney.com failed
2017-09-06 04:23:49,116 - connect.open.42 - DEBUG - http://fundact.eastmoney.com 200 ok
2017-09-06 04:23:49,121 - connect.open.42 - DEBUG - http://global.eastmoney.com 200 ok
2017-09-06 04:23:49,126 - connect.open.42 - DEBUG - http://money.eastmoney.com 200 ok
2017-09-06 04:23:49,128 - connect.open.42 - DEBUG - http://forex.eastmoney.com 200 ok
2017-09-06 04:23:49,132 - connect.open.42 - DEBUG - http://insurance.eastmoney.com 200 ok
2017-09-06 04:23:49,137 - connect.open.42 - DEBUG - http://auto.eastmoney.com 200 ok
2017-09-06 04:23:49,143 - connect.open.42 - DEBUG - http://enterprise.eastmoney.com 200 ok
2017-09-06 04:23:49,156 - connect.open.42 - DEBUG - http://video.eastmoney.com 200 ok
2017-09-06 04:23:49,158 - connect.open.42 - DEBUG - http://caipiao.eastmoney.com 200 ok
2017-09-06 04:23:49,162 - connect.open.42 - DEBUG - http://jigou.eastmoney.com 200 ok
2017-09-06 04:23:49,168 - connect.open.42 - DEBUG - http://biz.eastmoney.com 200 ok
2017-09-06 04:23:49,195 - connect.open.42 - DEBUG - http://guba.eastmoney.com 200 ok
2017-09-06 04:23:49,203 - connect.open.42 - DEBUG - http://fundbook.eastmoney.com 200 ok
2017-09-06 04:23:49,206 - connect.open.42 - DEBUG - http://kuaixun.eastmoney.com 200 ok
2017-09-06 04:23:49,209 - scrawler.run.161 - WARNING - http://stattg.eastmoney.com failed
2017-09-06 04:23:49,215 - connect.open.42 - DEBUG - http://show.eastmoney.com 200 ok
2017-09-06 04:23:49,219 - connect.open.42 - DEBUG - http://mp.caifuhao.eastmoney.com 200 ok
2017-09-06 04:23:49,223 - connect.open.42 - DEBUG - http://life.eastmoney.com 200 ok
2017-09-06 04:23:49,242 - connect.open.42 - DEBUG - http://renwu.eastmoney.com 200 ok
2017-09-06 04:23:49,275 - connect.open.42 - DEBUG - http://emhd2.eastmoney.com 200 ok
2017-09-06 04:23:49,275 - connect.open.42 - DEBUG - http://quote.eastmoney.com 200 ok
2017-09-06 04:23:49,277 - scrawler.run.161 - WARNING - http://emhd2.eastmoney.com failed
2017-09-06 04:23:49,289 - connect.open.42 - DEBUG - http://topic.eastmoney.com 200 ok
2017-09-06 04:23:49,373 - connect.open.42 - DEBUG - http://contest.eastmoney.com 200 ok
2017-09-06 04:23:49,415 - connect.open.42 - DEBUG - https://contest.securities.eastmoney.com 200 ok
2017-09-06 04:23:49,436 - connect.open.42 - DEBUG - https://acttg.eastmoney.com 200 ok
2017-09-06 04:23:49,602 - connect.open.42 - DEBUG - http://blog.eastmoney.com 200 ok
2017-09-06 04:23:49,618 - connect.open.42 - DEBUG - http://group.eastmoney.com 200 ok
2017-09-06 04:23:49,668 - connect.open.42 - DEBUG - http://so.eastmoney.com 200 ok
2017-09-06 04:23:49,691 - connect.open.42 - DEBUG - http://hk.eastmoney.com 200 ok
2017-09-06 04:23:49,886 - connect.open.42 - DEBUG - http://gpkh.eastmoney.com 200 ok
2017-09-06 04:23:50,913 - scrawler.run.161 - WARNING - https://passport.eastmoney.com failed
2017-09-06 04:23:51,065 - connect.open.42 - DEBUG - http://option.eastmoney.com 200 ok
2017-09-06 04:23:51,121 - connect.open.42 - DEBUG - http://caifuhao.eastmoney.com 200 ok
2017-09-06 04:23:51,130 - connect.open.42 - DEBUG - http://choice.eastmoney.com 200 ok
2017-09-06 04:23:51,132 - connect.open.42 - DEBUG - http://same.eastmoney.com 200 ok
2017-09-06 04:23:51,136 - scrawler.run.161 - WARNING - http://same.eastmoney.com failed
2017-09-06 04:23:51,158 - connect.open.42 - DEBUG - http://simu.eastmoney.com 200 ok
2017-09-06 04:23:51,232 - connect.open.42 - DEBUG - http://corp.eastmoney.com 200 ok
2017-09-06 04:23:51,297 - connect.open.42 - DEBUG - http://fundsc.eastmoney.com 200 ok
2017-09-06 04:23:52,020 - connect.open.42 - DEBUG - http://control.blog.eastmoney.com 200 ok
2017-09-06 04:23:52,088 - connect.open.42 - DEBUG - http://gold.eastmoney.com 200 ok
2017-09-06 04:23:52,090 - connect.open.42 - DEBUG - http://jijinba.eastmoney.com 200 ok
2017-09-06 04:23:52,092 - connect.open.42 - DEBUG - http://trust.eastmoney.com 200 ok
2017-09-06 04:23:52,094 - connect.open.42 - DEBUG - http://bond.eastmoney.com 200 ok
2017-09-06 04:23:52,124 - connect.open.42 - DEBUG - http://mingjia.eastmoney.com 200 ok
2017-09-06 04:23:52,146 - connect.open.42 - DEBUG - http://futures.eastmoney.com 200 ok
2017-09-06 04:23:52,146 - connect.open.42 - DEBUG - http://xinsanban.eastmoney.com 200 ok
2017-09-06 04:23:52,156 - connect.open.42 - DEBUG - http://roll.eastmoney.com 200 ok
2017-09-06 04:23:52,168 - connect.open.42 - DEBUG - http://gubatopic.eastmoney.com 200 ok
2017-09-06 04:23:52,205 - connect.open.42 - DEBUG - https://kh.eastmoney.com 200 ok
2017-09-06 04:23:52,209 - connect.open.42 - DEBUG - http://toujiao.eastmoney.com 200 ok
2017-09-06 04:23:52,220 - connect.open.42 - DEBUG - http://about.eastmoney.com 200 ok
2017-09-06 04:23:52,293 - connect.open.42 - DEBUG - http://bank.eastmoney.com 200 ok
2017-09-06 04:23:52,626 - connect.open.42 - DEBUG - http://iguba.eastmoney.com 200 ok
2017-09-06 04:23:52,677 - connect.open.42 - DEBUG - https://zqhd.eastmoney.com 200 ok
2017-09-06 04:23:52,708 - connect.open.42 - DEBUG - http://vote.eastmoney.com 200 ok
2017-09-06 04:23:52,735 - connect.open.42 - DEBUG - http://media.eastmoney.com 200 ok
2017-09-06 04:23:58,381 - connect.open.42 - DEBUG - https://hkjy.eastmoney.com 200 ok
2017-09-06 04:46:15,044 - connect.open.42 - DEBUG - http://www.eastmoney.com/ 200 ok
2017-09-06 04:46:15,488 - connect.open.42 - DEBUG - http://cp.eastmoney.com 200 ok
2017-09-06 04:46:15,504 - connect.open.42 - DEBUG - http://i.eastmoney.com 200 ok
2017-09-06 04:46:15,508 - connect.open.42 - DEBUG - http://stock.eastmoney.com 200 ok
2017-09-06 04:46:15,512 - connect.open.42 - DEBUG - http://topic.eastmoney.com 200 ok
2017-09-06 04:46:15,524 - connect.open.42 - DEBUG - http://quote.eastmoney.com 200 ok
2017-09-06 04:46:15,527 - connect.open.42 - DEBUG - http://www.eastmoney.com 200 ok
2017-09-06 04:46:15,533 - connect.open.42 - DEBUG - http://fund.eastmoney.com 200 ok
2017-09-06 04:46:15,558 - scrawler.run.161 - WARNING - http://js1.eastmoney.com failed
2017-09-06 04:46:15,572 - connect.open.42 - DEBUG - http://guba.eastmoney.com 200 ok
2017-09-06 04:46:15,590 - connect.open.42 - DEBUG - http://forex.eastmoney.com 200 ok
2017-09-06 04:46:15,594 - connect.open.42 - DEBUG - http://futures.eastmoney.com 200 ok
2017-09-06 04:46:15,594 - connect.open.42 - DEBUG - http://biz.eastmoney.com 200 ok
2017-09-06 04:46:15,596 - connect.open.42 - DEBUG - http://bond.eastmoney.com 200 ok
2017-09-06 04:46:15,597 - connect.open.42 - DEBUG - http://money.eastmoney.com 200 ok
2017-09-06 04:46:15,600 - connect.open.42 - DEBUG - http://enterprise.eastmoney.com 200 ok
2017-09-06 04:46:15,609 - connect.open.42 - DEBUG - http://video.eastmoney.com 200 ok
2017-09-06 04:46:15,615 - scrawler.run.161 - WARNING - http://js5.eastmoney.com failed
2017-09-06 04:46:15,622 - connect.open.42 - DEBUG - http://mingjia.eastmoney.com 200 ok
2017-09-06 04:46:15,630 - connect.open.42 - DEBUG - http://finance.eastmoney.com 200 ok
2017-09-06 04:46:15,630 - connect.open.42 - DEBUG - http://fundact.eastmoney.com 200 ok
2017-09-06 04:46:15,646 - connect.open.42 - DEBUG - http://roll.eastmoney.com 200 ok
2017-09-06 04:46:15,648 - connect.open.42 - DEBUG - https://acttg.eastmoney.com 200 ok
2017-09-06 04:46:15,649 - connect.open.42 - DEBUG - http://data.eastmoney.com 200 ok
2017-09-06 04:46:15,654 - connect.open.42 - DEBUG - http://jijinba.eastmoney.com 200 ok
2017-09-06 04:46:15,659 - connect.open.42 - DEBUG - http://fundbook.eastmoney.com 200 ok
2017-09-06 04:46:15,792 - connect.open.42 - DEBUG - http://life.eastmoney.com 200 ok
2017-09-06 04:46:15,856 - connect.open.42 - DEBUG - http://caipiao.eastmoney.com 200 ok
2017-09-06 04:46:15,891 - connect.open.42 - DEBUG - http://gpkh.eastmoney.com 200 ok
2017-09-06 04:46:16,097 - connect.open.42 - DEBUG - http://fundsc.eastmoney.com 200 ok
2017-09-06 04:46:16,100 - connect.open.42 - DEBUG - http://choice.eastmoney.com 200 ok
2017-09-06 04:46:16,148 - connect.open.42 - DEBUG - http://vote.eastmoney.com 200 ok
2017-09-06 04:46:16,163 - connect.open.42 - DEBUG - http://auto.eastmoney.com 200 ok
2017-09-06 04:46:16,338 - connect.open.42 - DEBUG - http://so.eastmoney.com 200 ok
2017-09-06 04:46:16,772 - scrawler.run.161 - WARNING - https://passport.eastmoney.com failed
2017-09-06 04:46:16,861 - connect.open.42 - DEBUG - https://kh.eastmoney.com 200 ok
2017-09-06 04:46:17,340 - connect.open.42 - DEBUG - http://iguba.eastmoney.com 200 ok
2017-09-06 04:46:17,544 - connect.open.42 - DEBUG - http://blog.eastmoney.com 200 ok
2017-09-06 04:46:17,556 - connect.open.42 - DEBUG - http://toujiao.eastmoney.com 200 ok
2017-09-06 04:46:17,565 - connect.open.42 - DEBUG - http://hk.eastmoney.com 200 ok
2017-09-06 04:46:17,576 - connect.open.42 - DEBUG - http://gubatopic.eastmoney.com 200 ok
2017-09-06 04:46:17,595 - connect.open.42 - DEBUG - http://contest.eastmoney.com 200 ok
2017-09-06 04:46:17,605 - connect.open.42 - DEBUG - http://kuaixun.eastmoney.com 200 ok
2017-09-06 04:46:17,606 - connect.open.42 - DEBUG - http://simu.eastmoney.com 200 ok
2017-09-06 04:46:17,616 - connect.open.42 - DEBUG - http://show.eastmoney.com 200 ok
2017-09-06 04:46:17,623 - scrawler.run.161 - WARNING - https://zqhd.eastmoney.com failed
2017-09-06 04:46:17,650 - scrawler.run.161 - WARNING - http://stattg.eastmoney.com failed
2017-09-06 04:46:17,752 - connect.open.42 - DEBUG - https://hkjy.eastmoney.com 200 ok
2017-09-06 04:46:17,772 - connect.open.42 - DEBUG - http://mp.caifuhao.eastmoney.com 200 ok
2017-09-06 04:46:17,793 - connect.open.42 - DEBUG - https://contest.securities.eastmoney.com 200 ok
2017-09-06 04:46:18,564 - connect.open.42 - DEBUG - http://media.eastmoney.com 200 ok
2017-09-06 04:46:18,570 - connect.open.42 - DEBUG - http://renwu.eastmoney.com 200 ok
2017-09-06 04:46:18,601 - connect.open.42 - DEBUG - http://bank.eastmoney.com 200 ok
2017-09-06 04:46:18,603 - connect.open.42 - DEBUG - http://xinsanban.eastmoney.com 200 ok
2017-09-06 04:46:18,602 - connect.open.42 - DEBUG - http://gold.eastmoney.com 200 ok
2017-09-06 04:46:18,604 - connect.open.42 - DEBUG - http://insurance.eastmoney.com 200 ok
2017-09-06 04:46:18,606 - connect.open.42 - DEBUG - http://same.eastmoney.com 200 ok
2017-09-06 04:46:18,608 - scrawler.run.161 - WARNING - http://same.eastmoney.com failed
2017-09-06 04:46:18,609 - connect.open.42 - DEBUG - http://group.eastmoney.com 200 ok
2017-09-06 04:46:18,609 - connect.open.42 - DEBUG - http://trust.eastmoney.com 200 ok
2017-09-06 04:46:18,614 - connect.open.42 - DEBUG - http://caifuhao.eastmoney.com 200 ok
2017-09-06 04:46:18,684 - connect.open.42 - DEBUG - http://control.blog.eastmoney.com 200 ok
2017-09-06 04:46:18,696 - connect.open.42 - DEBUG - http://option.eastmoney.com 200 ok
2017-09-06 04:46:18,706 - connect.open.42 - DEBUG - http://about.eastmoney.com 200 ok
2017-09-06 04:46:18,713 - connect.open.42 - DEBUG - http://emhd2.eastmoney.com 200 ok
2017-09-06 04:46:18,716 - scrawler.run.161 - WARNING - http://emhd2.eastmoney.com failed
2017-09-06 04:46:18,730 - connect.open.42 - DEBUG - http://global.eastmoney.com 200 ok
2017-09-06 04:46:18,775 - connect.open.42 - DEBUG - http://corp.eastmoney.com 200 ok
2017-09-06 04:46:19,657 - connect.open.42 - DEBUG - http://jigou.eastmoney.com 200 ok
2017-09-06 05:00:51,719 - connect.open.42 - DEBUG - http://www.eastmoney.com/ 200 ok
2017-09-06 05:00:52,144 - connect.open.42 - DEBUG - http://fund.eastmoney.com 200 ok
2017-09-06 05:00:52,156 - connect.open.42 - DEBUG - http://cp.eastmoney.com 200 ok
2017-09-06 05:00:52,164 - connect.open.42 - DEBUG - http://i.eastmoney.com 200 ok
2017-09-06 05:00:52,172 - connect.open.42 - DEBUG - http://www.eastmoney.com 200 ok
2017-09-06 05:00:52,181 - connect.open.42 - DEBUG - http://stock.eastmoney.com 200 ok
2017-09-06 05:00:52,182 - connect.open.42 - DEBUG - http://finance.eastmoney.com 200 ok
2017-09-06 05:00:52,216 - connect.open.42 - DEBUG - http://guba.eastmoney.com 200 ok
2017-09-06 05:00:52,216 - scrawler.run.161 - WARNING - http://js1.eastmoney.com failed
2017-09-06 05:00:52,219 - scrawler.run.161 - WARNING - http://js5.eastmoney.com failed
2017-09-06 05:00:52,233 - connect.open.42 - DEBUG - http://bond.eastmoney.com 200 ok
2017-09-06 05:00:52,239 - connect.open.42 - DEBUG - http://group.eastmoney.com 200 ok
2017-09-06 05:00:52,239 - connect.open.42 - DEBUG - http://option.eastmoney.com 200 ok
2017-09-06 05:00:52,243 - connect.open.42 - DEBUG - http://topic.eastmoney.com 200 ok
2017-09-06 05:00:52,246 - connect.open.42 - DEBUG - http://futures.eastmoney.com 200 ok
2017-09-06 05:00:52,247 - connect.open.42 - DEBUG - http://money.eastmoney.com 200 ok
2017-09-06 05:00:52,251 - connect.open.42 - DEBUG - http://hk.eastmoney.com 200 ok
2017-09-06 05:00:52,252 - connect.open.42 - DEBUG - http://forex.eastmoney.com 200 ok
2017-09-06 05:00:52,255 - connect.open.42 - DEBUG - http://biz.eastmoney.com 200 ok
2017-09-06 05:00:52,259 - connect.open.42 - DEBUG - http://media.eastmoney.com 200 ok
2017-09-06 05:00:52,263 - connect.open.42 - DEBUG - http://renwu.eastmoney.com 200 ok
2017-09-06 05:00:52,264 - connect.open.42 - DEBUG - http://quote.eastmoney.com 200 ok
2017-09-06 05:00:52,266 - connect.open.42 - DEBUG - http://fundact.eastmoney.com 200 ok
2017-09-06 05:00:52,267 - connect.open.42 - DEBUG - http://gpkh.eastmoney.com 200 ok
2017-09-06 05:00:52,285 - connect.open.42 - DEBUG - http://bank.eastmoney.com 200 ok
2017-09-06 05:00:52,346 - connect.open.42 - DEBUG - http://contest.eastmoney.com 200 ok
2017-09-06 05:00:52,347 - connect.open.42 - DEBUG - http://roll.eastmoney.com 200 ok
2017-09-06 05:00:52,359 - connect.open.42 - DEBUG - http://mp.caifuhao.eastmoney.com 200 ok
2017-09-06 05:00:52,414 - connect.open.42 - DEBUG - http://simu.eastmoney.com 200 ok
2017-09-06 05:00:52,482 - connect.open.42 - DEBUG - http://data.eastmoney.com 200 ok
2017-09-06 05:00:52,560 - scrawler.run.161 - WARNING - http://stattg.eastmoney.com failed
2017-09-06 05:00:52,606 - connect.open.42 - DEBUG - http://gubatopic.eastmoney.com 200 ok
2017-09-06 05:00:52,727 - connect.open.42 - DEBUG - http://blog.eastmoney.com 200 ok
2017-09-06 05:00:52,773 - connect.open.42 - DEBUG - http://jijinba.eastmoney.com 200 ok
2017-09-06 05:00:52,773 - connect.open.42 - DEBUG - http://vote.eastmoney.com 200 ok
2017-09-06 05:00:53,030 - connect.open.42 - DEBUG - https://acttg.eastmoney.com 200 ok
2017-09-06 05:00:53,981 - connect.open.42 - DEBUG - https://contest.securities.eastmoney.com 200 ok
2017-09-06 05:00:54,098 - connect.open.42 - DEBUG - https://zqhd.eastmoney.com 200 ok
2017-09-06 05:00:54,179 - connect.open.42 - DEBUG - http://global.eastmoney.com 200 ok
2017-09-06 05:00:54,186 - connect.open.42 - DEBUG - http://kuaixun.eastmoney.com 200 ok
2017-09-06 05:00:54,218 - connect.open.42 - DEBUG - http://auto.eastmoney.com 200 ok
2017-09-06 05:00:54,223 - connect.open.42 - DEBUG - http://caipiao.eastmoney.com 200 ok
2017-09-06 05:00:54,228 - connect.open.42 - DEBUG - http://mingjia.eastmoney.com 200 ok
2017-09-06 05:00:54,241 - connect.open.42 - DEBUG - http://same.eastmoney.com 200 ok
2017-09-06 05:00:54,242 - scrawler.run.161 - WARNING - http://same.eastmoney.com failed
2017-09-06 05:00:54,258 - connect.open.42 - DEBUG - http://so.eastmoney.com 200 ok
2017-09-06 05:00:54,275 - connect.open.42 - DEBUG - http://show.eastmoney.com 200 ok
2017-09-06 05:00:54,299 - connect.open.42 - DEBUG - http://life.eastmoney.com 200 ok
2017-09-06 05:00:54,550 - connect.open.42 - DEBUG - http://fundsc.eastmoney.com 200 ok
2017-09-06 05:00:55,236 - connect.open.42 - DEBUG - http://gold.eastmoney.com 200 ok
2017-09-06 05:00:55,245 - connect.open.42 - DEBUG - http://control.blog.eastmoney.com 200 ok
2017-09-06 05:00:55,256 - connect.open.42 - DEBUG - http://jigou.eastmoney.com 200 ok
2017-09-06 05:00:55,264 - connect.open.42 - DEBUG - http://video.eastmoney.com 200 ok
2017-09-06 05:00:55,275 - connect.open.42 - DEBUG - http://xinsanban.eastmoney.com 200 ok
2017-09-06 05:00:55,281 - connect.open.42 - DEBUG - http://trust.eastmoney.com 200 ok
2017-09-06 05:00:55,290 - connect.open.42 - DEBUG - http://caifuhao.eastmoney.com 200 ok
2017-09-06 05:00:55,309 - connect.open.42 - DEBUG - http://fundbook.eastmoney.com 200 ok
2017-09-06 05:00:55,326 - connect.open.42 - DEBUG - http://enterprise.eastmoney.com 200 ok
2017-09-06 05:00:55,338 - connect.open.42 - DEBUG - http://about.eastmoney.com 200 ok
2017-09-06 05:00:55,342 - connect.open.42 - DEBUG - http://toujiao.eastmoney.com 200 ok
2017-09-06 05:00:55,348 - connect.open.42 - DEBUG - http://emhd2.eastmoney.com 200 ok
2017-09-06 05:00:55,351 - connect.open.42 - DEBUG - http://insurance.eastmoney.com 200 ok
2017-09-06 05:00:55,355 - connect.open.42 - DEBUG - http://choice.eastmoney.com 200 ok
2017-09-06 05:00:55,359 - scrawler.run.161 - WARNING - http://emhd2.eastmoney.com failed
2017-09-06 05:00:55,397 - connect.open.42 - DEBUG - https://kh.eastmoney.com 200 ok
2017-09-06 05:00:55,457 - connect.open.42 - DEBUG - https://hkjy.eastmoney.com 200 ok
2017-09-06 05:00:56,459 - scrawler.run.161 - WARNING - https://passport.eastmoney.com failed
2017-09-06 05:00:57,384 - connect.open.42 - DEBUG - http://iguba.eastmoney.com 200 ok
2017-09-06 05:00:57,404 - connect.open.42 - DEBUG - http://corp.eastmoney.com 200 ok
2017-09-06 05:04:48,927 - connect.open.42 - DEBUG - http://www.eastmoney.com/ 200 ok
2017-09-06 05:04:49,401 - connect.open.42 - DEBUG - http://quote.eastmoney.com 200 ok
2017-09-06 05:04:49,403 - connect.open.42 - DEBUG - http://www.eastmoney.com 200 ok
2017-09-06 05:04:49,408 - connect.open.42 - DEBUG - http://fundact.eastmoney.com 200 ok
2017-09-06 05:04:49,417 - connect.open.42 - DEBUG - http://cp.eastmoney.com 200 ok
2017-09-06 05:04:49,421 - connect.open.42 - DEBUG - http://fund.eastmoney.com 200 ok
2017-09-06 05:04:49,439 - connect.open.42 - DEBUG - http://finance.eastmoney.com 200 ok
2017-09-06 05:04:49,463 - connect.open.42 - DEBUG - http://stock.eastmoney.com 200 ok
2017-09-06 05:04:49,476 - connect.open.42 - DEBUG - http://data.eastmoney.com 200 ok
2017-09-06 05:04:49,481 - connect.open.42 - DEBUG - http://forex.eastmoney.com 200 ok
2017-09-06 05:04:49,483 - connect.open.42 - DEBUG - http://i.eastmoney.com 200 ok
2017-09-06 05:04:49,487 - connect.open.42 - DEBUG - http://global.eastmoney.com 200 ok
2017-09-06 05:04:49,487 - connect.open.42 - DEBUG - http://option.eastmoney.com 200 ok
2017-09-06 05:04:49,488 - connect.open.42 - DEBUG - http://hk.eastmoney.com 200 ok
2017-09-06 05:04:49,492 - connect.open.42 - DEBUG - http://money.eastmoney.com 200 ok
2017-09-06 05:04:49,497 - connect.open.42 - DEBUG - http://enterprise.eastmoney.com 200 ok
2017-09-06 05:04:49,500 - connect.open.42 - DEBUG - http://biz.eastmoney.com 200 ok
2017-09-06 05:04:49,500 - connect.open.42 - DEBUG - http://bank.eastmoney.com 200 ok
2017-09-06 05:04:49,502 - connect.open.42 - DEBUG - http://bond.eastmoney.com 200 ok
2017-09-06 05:04:49,505 - connect.open.42 - DEBUG - http://video.eastmoney.com 200 ok
2017-09-06 05:04:49,508 - connect.open.42 - DEBUG - http://renwu.eastmoney.com 200 ok
2017-09-06 05:04:49,511 - connect.open.42 - DEBUG - http://auto.eastmoney.com 200 ok
2017-09-06 05:04:49,512 - connect.open.42 - DEBUG - http://caipiao.eastmoney.com 200 ok
2017-09-06 05:04:49,524 - connect.open.42 - DEBUG - http://roll.eastmoney.com 200 ok
2017-09-06 05:04:49,525 - connect.open.42 - DEBUG - http://topic.eastmoney.com 200 ok
2017-09-06 05:04:49,527 - connect.open.42 - DEBUG - http://choice.eastmoney.com 200 ok
2017-09-06 05:04:49,530 - connect.open.42 - DEBUG - http://guba.eastmoney.com 200 ok
2017-09-06 05:04:49,531 - connect.open.42 - DEBUG - http://mingjia.eastmoney.com 200 ok
2017-09-06 05:04:49,560 - connect.open.42 - DEBUG - http://fundbook.eastmoney.com 200 ok
2017-09-06 05:04:49,597 - connect.open.42 - DEBUG - http://control.blog.eastmoney.com 200 ok
2017-09-06 05:04:49,644 - connect.open.42 - DEBUG - http://gpkh.eastmoney.com 200 ok
2017-09-06 05:04:49,831 - connect.open.42 - DEBUG - http://kuaixun.eastmoney.com 200 ok
2017-09-06 05:04:49,994 - connect.open.42 - DEBUG - http://blog.eastmoney.com 200 ok
2017-09-06 05:04:50,010 - connect.open.42 - DEBUG - http://vote.eastmoney.com 200 ok
2017-09-06 05:04:50,293 - connect.open.42 - DEBUG - http://so.eastmoney.com 200 ok
2017-09-06 05:04:50,351 - connect.open.42 - DEBUG - https://acttg.eastmoney.com 200 ok
2017-09-06 05:04:50,962 - connect.open.42 - DEBUG - http://gold.eastmoney.com 200 ok
2017-09-06 05:04:51,417 - connect.open.42 - DEBUG - http://contest.eastmoney.com 200 ok
2017-09-06 05:04:51,440 - connect.open.42 - DEBUG - https://contest.securities.eastmoney.com 200 ok
2017-09-06 05:04:51,448 - connect.open.42 - DEBUG - http://gubatopic.eastmoney.com 200 ok
2017-09-06 05:04:51,456 - connect.open.42 - DEBUG - http://show.eastmoney.com 200 ok
2017-09-06 05:04:51,467 - connect.open.42 - DEBUG - http://life.eastmoney.com 200 ok
2017-09-06 05:04:51,469 - connect.open.42 - DEBUG - http://mp.caifuhao.eastmoney.com 200 ok
2017-09-06 05:04:51,480 - connect.open.42 - DEBUG - http://about.eastmoney.com 200 ok
2017-09-06 05:04:51,495 - connect.open.42 - DEBUG - http://jigou.eastmoney.com 200 ok
2017-09-06 05:04:51,515 - connect.open.42 - DEBUG - http://fundsc.eastmoney.com 200 ok
2017-09-06 05:04:51,553 - connect.open.42 - DEBUG - http://simu.eastmoney.com 200 ok
2017-09-06 05:04:52,067 - connect.open.42 - DEBUG - https://zqhd.eastmoney.com 200 ok
2017-09-06 05:04:52,472 - connect.open.42 - DEBUG - http://insurance.eastmoney.com 200 ok
2017-09-06 05:04:52,478 - connect.open.42 - DEBUG - http://xinsanban.eastmoney.com 200 ok
2017-09-06 05:04:52,482 - connect.open.42 - DEBUG - http://group.eastmoney.com 200 ok
2017-09-06 05:04:52,494 - connect.open.42 - DEBUG - http://same.eastmoney.com 200 ok
2017-09-06 05:04:52,497 - scrawler.run.161 - WARNING - http://same.eastmoney.com failed
2017-09-06 05:04:52,505 - connect.open.42 - DEBUG - http://trust.eastmoney.com 200 ok
2017-09-06 05:04:52,510 - connect.open.42 - DEBUG - http://media.eastmoney.com 200 ok
2017-09-06 05:04:52,518 - connect.open.42 - DEBUG - http://toujiao.eastmoney.com 200 ok
2017-09-06 05:04:52,519 - connect.open.42 - DEBUG - http://emhd2.eastmoney.com 200 ok
2017-09-06 05:04:52,520 - connect.open.42 - DEBUG - http://futures.eastmoney.com 200 ok
2017-09-06 05:04:52,520 - scrawler.run.161 - WARNING - http://emhd2.eastmoney.com failed
2017-09-06 05:04:52,558 - connect.open.42 - DEBUG - http://jijinba.eastmoney.com 200 ok
2017-09-06 05:04:52,606 - connect.open.42 - DEBUG - http://corp.eastmoney.com 200 ok
2017-09-06 05:05:41,370 - connect.open.42 - DEBUG - http://www.eastmoney.com/ 200 ok
2017-09-06 05:05:41,772 - connect.open.42 - DEBUG - http://fund.eastmoney.com 200 ok
2017-09-06 05:05:41,779 - connect.open.42 - DEBUG - http://cp.eastmoney.com 200 ok
2017-09-06 05:05:41,787 - connect.open.42 - DEBUG - http://fundact.eastmoney.com 200 ok
2017-09-06 05:05:41,801 - connect.open.42 - DEBUG - http://i.eastmoney.com 200 ok
2017-09-06 05:05:41,815 - connect.open.42 - DEBUG - http://stock.eastmoney.com 200 ok
2017-09-06 05:05:41,829 - connect.open.42 - DEBUG - http://quote.eastmoney.com 200 ok
2017-09-06 05:05:41,832 - connect.open.42 - DEBUG - http://data.eastmoney.com 200 ok
2017-09-06 05:05:41,848 - connect.open.42 - DEBUG - http://guba.eastmoney.com 200 ok
2017-09-06 05:05:41,890 - connect.open.42 - DEBUG - http://finance.eastmoney.com 200 ok
2017-09-06 05:05:41,890 - connect.open.42 - DEBUG - http://global.eastmoney.com 200 ok
2017-09-06 05:05:41,906 - connect.open.42 - DEBUG - http://hk.eastmoney.com 200 ok
2017-09-06 05:05:41,911 - connect.open.42 - DEBUG - http://gpkh.eastmoney.com 200 ok
2017-09-06 05:05:41,914 - connect.open.42 - DEBUG - http://futures.eastmoney.com 200 ok
2017-09-06 05:05:41,920 - connect.open.42 - DEBUG - http://www.eastmoney.com 200 ok
2017-09-06 05:05:41,924 - connect.open.42 - DEBUG - http://money.eastmoney.com 200 ok
2017-09-06 05:05:41,924 - connect.open.42 - DEBUG - http://trust.eastmoney.com 200 ok
2017-09-06 05:05:41,930 - connect.open.42 - DEBUG - http://insurance.eastmoney.com 200 ok
2017-09-06 05:05:41,941 - connect.open.42 - DEBUG - http://kuaixun.eastmoney.com 200 ok
2017-09-06 05:05:41,978 - connect.open.42 - DEBUG - http://same.eastmoney.com 200 ok
2017-09-06 05:05:41,978 - scrawler.run.161 - WARNING - http://same.eastmoney.com failed
2017-09-06 05:05:41,982 - connect.open.42 - DEBUG - http://roll.eastmoney.com 200 ok
2017-09-06 05:05:41,989 - connect.open.42 - DEBUG - http://caifuhao.eastmoney.com 200 ok
2017-09-06 05:05:42,010 - connect.open.42 - DEBUG - http://show.eastmoney.com 200 ok
2017-09-06 05:05:42,028 - connect.open.42 - DEBUG - http://topic.eastmoney.com 200 ok
2017-09-06 05:05:42,039 - connect.open.42 - DEBUG - http://mp.caifuhao.eastmoney.com 200 ok
2017-09-06 05:05:42,050 - connect.open.42 - DEBUG - http://emhd2.eastmoney.com 200 ok
2017-09-06 05:05:42,052 - scrawler.run.161 - WARNING - http://emhd2.eastmoney.com failed
2017-09-06 05:05:42,138 - connect.open.42 - DEBUG - https://contest.securities.eastmoney.com 200 ok
2017-09-06 05:05:42,161 - connect.open.42 - DEBUG - https://acttg.eastmoney.com 200 ok
2017-09-06 05:05:42,205 - connect.open.42 - DEBUG - http://caipiao.eastmoney.com 200 ok
2017-09-06 05:05:42,347 - connect.open.42 - DEBUG - http://gubatopic.eastmoney.com 200 ok
2017-09-06 05:05:42,351 - connect.open.42 - DEBUG - http://so.eastmoney.com 200 ok
2017-09-06 05:05:42,363 - connect.open.42 - DEBUG - http://blog.eastmoney.com 200 ok
2017-09-06 05:05:42,467 - connect.open.42 - DEBUG - http://simu.eastmoney.com 200 ok
2017-09-06 05:05:42,770 - connect.open.42 - DEBUG - http://choice.eastmoney.com 200 ok
2017-09-06 05:05:42,928 - connect.open.42 - DEBUG - http://enterprise.eastmoney.com 200 ok
2017-09-06 05:05:42,960 - connect.open.42 - DEBUG - http://forex.eastmoney.com 200 ok
2017-09-06 05:05:42,993 - connect.open.42 - DEBUG - https://kh.eastmoney.com 200 ok
2017-09-06 05:05:43,419 - connect.open.42 - DEBUG - http://media.eastmoney.com 200 ok
2017-09-06 05:05:43,572 - connect.open.42 - DEBUG - http://about.eastmoney.com 200 ok
2017-09-06 05:05:43,875 - connect.open.42 - DEBUG - http://gold.eastmoney.com 200 ok
2017-09-06 05:05:43,882 - connect.open.42 - DEBUG - https://zqhd.eastmoney.com 200 ok
2017-09-06 05:05:43,883 - connect.open.42 - DEBUG - http://xinsanban.eastmoney.com 200 ok
2017-09-06 05:05:43,891 - connect.open.42 - DEBUG - http://bond.eastmoney.com 200 ok
2017-09-06 05:05:43,938 - connect.open.42 - DEBUG - http://jijinba.eastmoney.com 200 ok
2017-09-06 05:05:43,940 - connect.open.42 - DEBUG - http://jigou.eastmoney.com 200 ok
2017-09-06 05:05:43,943 - connect.open.42 - DEBUG - http://renwu.eastmoney.com 200 ok
2017-09-06 05:05:43,969 - connect.open.42 - DEBUG - http://contest.eastmoney.com 200 ok
2017-09-06 05:05:44,023 - connect.open.42 - DEBUG - http://life.eastmoney.com 200 ok
2017-09-06 05:05:44,048 - connect.open.42 - DEBUG - http://fundsc.eastmoney.com 200 ok
2017-09-06 05:05:44,091 - connect.open.42 - DEBUG - http://corp.eastmoney.com 200 ok
2017-09-06 05:05:44,841 - connect.open.42 - DEBUG - http://group.eastmoney.com 200 ok
2017-09-06 05:05:44,857 - connect.open.42 - DEBUG - http://option.eastmoney.com 200 ok
2017-09-06 05:05:44,862 - connect.open.42 - DEBUG - http://vote.eastmoney.com 200 ok
2017-09-06 05:05:44,935 - connect.open.42 - DEBUG - http://video.eastmoney.com 200 ok
2017-09-06 05:05:44,985 - connect.open.42 - DEBUG - http://bank.eastmoney.com 200 ok
2017-09-06 05:05:44,985 - connect.open.42 - DEBUG - http://auto.eastmoney.com 200 ok
2017-09-06 05:05:45,003 - connect.open.42 - DEBUG - http://biz.eastmoney.com 200 ok
2017-09-06 05:05:45,004 - connect.open.42 - DEBUG - http://fundbook.eastmoney.com 200 ok
2017-09-06 05:05:45,007 - connect.open.42 - DEBUG - http://mingjia.eastmoney.com 200 ok
2017-09-06 05:05:45,013 - connect.open.42 - DEBUG - http://toujiao.eastmoney.com 200 ok
2017-09-06 05:05:45,074 - connect.open.42 - DEBUG - http://iguba.eastmoney.com 200 ok
2017-09-06 05:05:45,450 - connect.open.42 - DEBUG - http://control.blog.eastmoney.com 200 ok
2017-09-06 05:05:47,113 - connect.open.42 - DEBUG - https://hkjy.eastmoney.com 200 ok
2017-09-06 05:06:59,670 - connect.open.42 - DEBUG - http://www.eastmoney.com/ 200 ok
2017-09-06 05:07:00,146 - connect.open.42 - DEBUG - http://cp.eastmoney.com 200 ok
2017-09-06 05:07:00,147 - connect.open.42 - DEBUG - http://fund.eastmoney.com 200 ok
2017-09-06 05:07:00,148 - connect.open.42 - DEBUG - http://stock.eastmoney.com 200 ok
2017-09-06 05:07:00,154 - connect.open.42 - DEBUG - http://i.eastmoney.com 200 ok
2017-09-06 05:07:00,178 - connect.open.42 - DEBUG - http://www.eastmoney.com 200 ok
2017-09-06 05:07:00,209 - connect.open.42 - DEBUG - http://simu.eastmoney.com 200 ok
2017-09-06 05:07:00,212 - connect.open.42 - DEBUG - http://group.eastmoney.com 200 ok
2017-09-06 05:07:00,220 - connect.open.42 - DEBUG - http://guba.eastmoney.com 200 ok
2017-09-06 05:07:00,220 - connect.open.49 - WARNING - http://js1.eastmoney.com 403 failed
2017-09-06 05:07:00,221 - connect.open.42 - DEBUG - http://option.eastmoney.com 200 ok
2017-09-06 05:07:00,222 - scrawler.run.161 - WARNING - http://js1.eastmoney.com failed
2017-09-06 05:07:00,223 - connect.open.49 - WARNING - http://js5.eastmoney.com 403 failed
2017-09-06 05:07:00,223 - connect.open.42 - DEBUG - http://biz.eastmoney.com 200 ok
2017-09-06 05:07:00,227 - connect.open.42 - DEBUG - http://xinsanban.eastmoney.com 200 ok
2017-09-06 05:07:00,229 - connect.open.42 - DEBUG - http://trust.eastmoney.com 200 ok
2017-09-06 05:07:00,229 - scrawler.run.161 - WARNING - http://js5.eastmoney.com failed
2017-09-06 05:07:00,230 - connect.open.42 - DEBUG - http://bond.eastmoney.com 200 ok
2017-09-06 05:07:00,231 - connect.open.42 - DEBUG - http://futures.eastmoney.com 200 ok
2017-09-06 05:07:00,236 - connect.open.42 - DEBUG - http://enterprise.eastmoney.com 200 ok
2017-09-06 05:07:00,240 - connect.open.42 - DEBUG - http://bank.eastmoney.com 200 ok
2017-09-06 05:07:00,241 - connect.open.49 - WARNING - http://stattg.eastmoney.com 404 failed
2017-09-06 05:07:00,242 - scrawler.run.161 - WARNING - http://stattg.eastmoney.com failed
2017-09-06 05:07:00,245 - connect.open.42 - DEBUG - http://roll.eastmoney.com 200 ok
2017-09-06 05:07:00,246 - connect.open.42 - DEBUG - http://mp.caifuhao.eastmoney.com 200 ok
2017-09-06 05:07:00,247 - connect.open.42 - DEBUG - http://fundbook.eastmoney.com 200 ok
2017-09-06 05:07:00,250 - connect.open.42 - DEBUG - http://choice.eastmoney.com 200 ok
2017-09-06 05:07:00,249 - connect.open.42 - DEBUG - http://about.eastmoney.com 200 ok
2017-09-06 05:07:00,252 - connect.open.42 - DEBUG - http://media.eastmoney.com 200 ok
2017-09-06 05:07:00,256 - connect.open.42 - DEBUG - http://emhd2.eastmoney.com 200 ok
2017-09-06 05:07:00,256 - connect.open.42 - DEBUG - http://blog.eastmoney.com 200 ok
2017-09-06 05:07:00,257 - scrawler.run.161 - WARNING - http://emhd2.eastmoney.com failed
2017-09-06 05:07:00,258 - connect.open.42 - DEBUG - http://toujiao.eastmoney.com 200 ok
2017-09-06 05:07:00,262 - connect.open.42 - DEBUG - http://mingjia.eastmoney.com 200 ok
2017-09-06 05:07:00,298 - connect.open.42 - DEBUG - http://fundsc.eastmoney.com 200 ok
2017-09-06 05:07:00,300 - connect.open.42 - DEBUG - http://kuaixun.eastmoney.com 200 ok
2017-09-06 05:07:00,304 - connect.open.42 - DEBUG - https://acttg.eastmoney.com 200 ok
2017-09-06 05:07:00,324 - connect.open.42 - DEBUG - http://hk.eastmoney.com 200 ok
2017-09-06 05:07:00,425 - connect.open.42 - DEBUG - http://data.eastmoney.com 200 ok
2017-09-06 05:07:00,524 - connect.open.42 - DEBUG - http://gubatopic.eastmoney.com 200 ok
2017-09-06 05:07:00,537 - connect.open.49 - WARNING - https://passport.eastmoney.com 403 failed
2017-09-06 05:07:00,538 - scrawler.run.161 - WARNING - https://passport.eastmoney.com failed
2017-09-06 05:07:00,585 - connect.open.42 - DEBUG - http://so.eastmoney.com 200 ok
2017-09-06 05:07:00,726 - connect.open.42 - DEBUG - http://gpkh.eastmoney.com 200 ok
2017-09-06 05:07:01,266 - connect.open.42 - DEBUG - http://money.eastmoney.com 200 ok
2017-09-06 05:07:01,356 - connect.open.42 - DEBUG - http://corp.eastmoney.com 200 ok
2017-09-06 05:07:01,365 - connect.open.42 - DEBUG - http://video.eastmoney.com 200 ok
2017-09-06 05:07:01,380 - connect.open.42 - DEBUG - https://kh.eastmoney.com 200 ok
2017-09-06 05:07:01,420 - connect.open.42 - DEBUG - https://hkjy.eastmoney.com 200 ok
2017-09-06 05:07:01,433 - connect.open.42 - DEBUG - http://caipiao.eastmoney.com 200 ok
2017-09-06 05:07:01,659 - connect.open.42 - DEBUG - http://iguba.eastmoney.com 200 ok
2017-09-06 05:07:01,866 - connect.open.42 - DEBUG - http://forex.eastmoney.com 200 ok
2017-09-06 05:07:02,085 - connect.open.42 - DEBUG - https://contest.securities.eastmoney.com 200 ok
2017-09-06 05:07:02,097 - connect.open.42 - DEBUG - http://finance.eastmoney.com 200 ok
2017-09-06 05:07:02,099 - connect.open.42 - DEBUG - http://quote.eastmoney.com 200 ok
2017-09-06 05:07:02,147 - connect.open.42 - DEBUG - http://topic.eastmoney.com 200 ok
2017-09-06 05:07:02,183 - connect.open.42 - DEBUG - http://contest.eastmoney.com 200 ok
2017-09-06 05:07:02,212 - connect.open.42 - DEBUG - http://fundact.eastmoney.com 200 ok
2017-09-06 05:07:02,854 - connect.open.42 - DEBUG - http://vote.eastmoney.com 200 ok
2017-09-06 05:07:03,160 - connect.open.42 - DEBUG - http://jijinba.eastmoney.com 200 ok
2017-09-06 05:07:03,189 - connect.open.42 - DEBUG - http://insurance.eastmoney.com 200 ok
2017-09-06 05:07:03,193 - connect.open.42 - DEBUG - http://auto.eastmoney.com 200 ok
2017-09-06 05:07:03,204 - connect.open.42 - DEBUG - http://renwu.eastmoney.com 200 ok
2017-09-06 05:07:03,217 - connect.open.42 - DEBUG - http://same.eastmoney.com 200 ok
2017-09-06 05:07:03,220 - scrawler.run.161 - WARNING - http://same.eastmoney.com failed
2017-09-06 05:07:03,251 - connect.open.42 - DEBUG - http://jigou.eastmoney.com 200 ok
2017-09-06 05:07:03,305 - connect.open.42 - DEBUG - https://zqhd.eastmoney.com 200 ok
2017-09-06 05:07:03,308 - connect.open.42 - DEBUG - http://control.blog.eastmoney.com 200 ok
2017-09-06 05:07:03,339 - connect.open.42 - DEBUG - http://gold.eastmoney.com 200 ok
2017-09-06 05:07:03,351 - connect.open.42 - DEBUG - http://life.eastmoney.com 200 ok
2017-09-06 05:07:03,390 - connect.open.42 - DEBUG - http://caifuhao.eastmoney.com 200 ok
2017-09-06 05:07:04,236 - connect.open.42 - DEBUG - http://show.eastmoney.com 200 ok
2017-09-06 05:10:57,190 - connect.open.42 - DEBUG - http://www.eastmoney.com/ 200 ok
2017-09-06 05:10:57,774 - connect.open.42 - DEBUG - http://fund.eastmoney.com 200 ok
2017-09-06 05:10:57,776 - connect.open.42 - DEBUG - http://cp.eastmoney.com 200 ok
2017-09-06 05:10:57,787 - connect.open.42 - DEBUG - http://fundact.eastmoney.com 200 ok
2017-09-06 05:10:57,801 - connect.open.42 - DEBUG - http://stock.eastmoney.com 200 ok
2017-09-06 05:10:57,803 - connect.open.42 - DEBUG - http://i.eastmoney.com 200 ok
2017-09-06 05:10:57,811 - connect.open.42 - DEBUG - http://www.eastmoney.com 200 ok
2017-09-06 05:10:57,848 - connect.open.42 - DEBUG - http://finance.eastmoney.com 200 ok
2017-09-06 05:10:57,849 - connect.open.42 - DEBUG - http://data.eastmoney.com 200 ok
2017-09-06 05:10:57,859 - connect.open.50 - WARNING - http://js1.eastmoney.com 403 failed
2017-09-06 05:10:57,860 - scrawler.run.161 - WARNING - http://js1.eastmoney.com failed
2017-09-06 05:10:57,863 - connect.open.50 - WARNING - http://js5.eastmoney.com 403 failed
2017-09-06 05:10:57,870 - scrawler.run.161 - WARNING - http://js5.eastmoney.com failed
2017-09-06 05:10:57,872 - connect.open.42 - DEBUG - http://gold.eastmoney.com 200 ok
2017-09-06 05:10:57,873 - connect.open.42 - DEBUG - http://forex.eastmoney.com 200 ok
2017-09-06 05:10:57,878 - connect.open.42 - DEBUG - http://hk.eastmoney.com 200 ok
2017-09-06 05:10:57,881 - connect.open.42 - DEBUG - http://option.eastmoney.com 200 ok
2017-09-06 05:10:57,885 - connect.open.42 - DEBUG - http://trust.eastmoney.com 200 ok
2017-09-06 05:10:57,889 - connect.open.42 - DEBUG - http://bank.eastmoney.com 200 ok
2017-09-06 05:10:57,890 - connect.open.42 - DEBUG - http://money.eastmoney.com 200 ok
2017-09-06 05:10:57,900 - connect.open.42 - DEBUG - http://insurance.eastmoney.com 200 ok
2017-09-06 05:10:57,903 - connect.open.42 - DEBUG - http://biz.eastmoney.com 200 ok
2017-09-06 05:10:57,908 - connect.open.42 - DEBUG - http://enterprise.eastmoney.com 200 ok
2017-09-06 05:10:57,908 - connect.open.42 - DEBUG - http://gpkh.eastmoney.com 200 ok
2017-09-06 05:10:57,915 - connect.open.42 - DEBUG - http://bond.eastmoney.com 200 ok
2017-09-06 05:10:57,926 - connect.open.42 - DEBUG - http://media.eastmoney.com 200 ok
2017-09-06 05:10:57,932 - connect.open.42 - DEBUG - http://auto.eastmoney.com 200 ok
2017-09-06 05:10:57,940 - connect.open.42 - DEBUG - http://futures.eastmoney.com 200 ok
2017-09-06 05:10:57,943 - connect.open.42 - DEBUG - http://guba.eastmoney.com 200 ok
2017-09-06 05:10:57,947 - connect.open.42 - DEBUG - http://caifuhao.eastmoney.com 200 ok
2017-09-06 05:10:57,949 - connect.open.42 - DEBUG - http://quote.eastmoney.com 200 ok
2017-09-06 05:10:57,950 - connect.open.42 - DEBUG - http://contest.eastmoney.com 200 ok
2017-09-06 05:10:57,950 - connect.open.42 - DEBUG - http://gubatopic.eastmoney.com 200 ok
2017-09-06 05:10:57,951 - connect.open.42 - DEBUG - http://jijinba.eastmoney.com 200 ok
2017-09-06 05:10:57,956 - connect.open.42 - DEBUG - http://roll.eastmoney.com 200 ok
2017-09-06 05:10:57,978 - connect.open.42 - DEBUG - http://fundbook.eastmoney.com 200 ok
2017-09-06 05:10:58,008 - connect.open.50 - WARNING - http://stattg.eastmoney.com 404 failed
2017-09-06 05:10:58,009 - scrawler.run.161 - WARNING - http://stattg.eastmoney.com failed
2017-09-06 05:10:58,029 - connect.open.42 - DEBUG - http://emhd2.eastmoney.com 200 ok
2017-09-06 05:10:58,030 - scrawler.run.161 - WARNING - http://emhd2.eastmoney.com failed
2017-09-06 05:10:58,078 - connect.open.42 - DEBUG - https://contest.securities.eastmoney.com 200 ok
2017-09-06 05:10:58,090 - connect.open.42 - DEBUG - http://topic.eastmoney.com 200 ok
2017-09-06 05:10:58,164 - connect.open.42 - DEBUG - http://simu.eastmoney.com 200 ok
2017-09-06 05:10:58,217 - connect.open.50 - WARNING - https://passport.eastmoney.com 403 failed
2017-09-06 05:10:58,217 - scrawler.run.161 - WARNING - https://passport.eastmoney.com failed
2017-09-06 05:10:58,312 - connect.open.42 - DEBUG - http://kuaixun.eastmoney.com 200 ok
2017-09-06 05:10:58,381 - connect.open.42 - DEBUG - http://blog.eastmoney.com 200 ok
2017-09-06 05:10:58,460 - connect.open.42 - DEBUG - http://so.eastmoney.com 200 ok
2017-09-06 05:10:58,956 - connect.open.42 - DEBUG - http://caipiao.eastmoney.com 200 ok
2017-09-06 05:10:59,447 - connect.open.42 - DEBUG - http://toujiao.eastmoney.com 200 ok
2017-09-06 05:10:59,915 - connect.open.42 - DEBUG - http://same.eastmoney.com 200 ok
2017-09-06 05:10:59,926 - connect.open.42 - DEBUG - http://choice.eastmoney.com 200 ok
2017-09-06 05:10:59,930 - connect.open.42 - DEBUG - http://vote.eastmoney.com 200 ok
2017-09-06 05:10:59,936 - scrawler.run.161 - WARNING - http://same.eastmoney.com failed
2017-09-06 05:10:59,952 - scrawler.run.161 - WARNING - https://zqhd.eastmoney.com failed
2017-09-06 05:10:59,968 - connect.open.42 - DEBUG - http://show.eastmoney.com 200 ok
2017-09-06 05:10:59,983 - connect.open.42 - DEBUG - http://mp.caifuhao.eastmoney.com 200 ok
2017-09-06 05:11:00,046 - connect.open.42 - DEBUG - https://hkjy.eastmoney.com 200 ok
2017-09-06 05:11:00,080 - connect.open.42 - DEBUG - http://iguba.eastmoney.com 200 ok
2017-09-06 05:11:00,850 - connect.open.42 - DEBUG - http://group.eastmoney.com 200 ok
2017-09-06 05:11:00,915 - connect.open.42 - DEBUG - http://mingjia.eastmoney.com 200 ok
2017-09-06 05:11:00,917 - connect.open.42 - DEBUG - http://global.eastmoney.com 200 ok
2017-09-06 05:11:00,925 - connect.open.42 - DEBUG - http://xinsanban.eastmoney.com 200 ok
2017-09-06 05:11:00,930 - connect.open.42 - DEBUG - http://renwu.eastmoney.com 200 ok
2017-09-06 05:11:01,036 - connect.open.42 - DEBUG - http://jigou.eastmoney.com 200 ok
2017-09-06 05:11:01,034 - connect.open.42 - DEBUG - http://fundsc.eastmoney.com 200 ok
2017-09-06 05:11:01,033 - connect.open.42 - DEBUG - http://life.eastmoney.com 200 ok
2017-09-06 05:11:01,042 - connect.open.42 - DEBUG - https://kh.eastmoney.com 200 ok
2017-09-06 05:11:01,164 - connect.open.42 - DEBUG - http://about.eastmoney.com 200 ok
2017-09-06 05:11:01,261 - connect.open.42 - DEBUG - http://corp.eastmoney.com 200 ok
2017-09-06 05:11:01,437 - connect.open.42 - DEBUG - http://control.blog.eastmoney.com 200 ok
2017-09-06 05:11:02,217 - connect.open.42 - DEBUG - http://video.eastmoney.com 200 ok
2017-09-06 05:18:48,665 - connect.open.42 - DEBUG - http://www.eastmoney.com/ 200 ok
2017-09-06 05:18:49,077 - connect.open.42 - DEBUG - http://fund.eastmoney.com 200 ok
2017-09-06 05:18:49,092 - connect.open.42 - DEBUG - http://cp.eastmoney.com 200 ok
2017-09-06 05:18:49,098 - connect.open.42 - DEBUG - http://www.eastmoney.com 200 ok
2017-09-06 05:18:49,107 - connect.open.42 - DEBUG - http://i.eastmoney.com 200 ok
2017-09-06 05:18:49,108 - connect.open.42 - DEBUG - http://quote.eastmoney.com 200 ok
2017-09-06 05:18:49,114 - connect.open.42 - DEBUG - http://stock.eastmoney.com 200 ok
2017-09-06 05:18:49,167 - connect.open.42 - DEBUG - http://finance.eastmoney.com 200 ok
2017-09-06 05:18:49,171 - connect.open.49 - WARNING - http://js1.eastmoney.com 403 failed
2017-09-06 05:18:49,173 - connect.open.49 - WARNING - http://js5.eastmoney.com 403 failed
2017-09-06 05:18:49,177 - connect.open.42 - DEBUG - http://fundact.eastmoney.com 200 ok
2017-09-06 05:18:49,188 - connect.open.42 - DEBUG - http://hk.eastmoney.com 200 ok
2017-09-06 05:18:49,190 - connect.open.42 - DEBUG - http://group.eastmoney.com 200 ok
2017-09-06 05:18:49,190 - connect.open.42 - DEBUG - http://forex.eastmoney.com 200 ok
2017-09-06 05:18:49,194 - connect.open.42 - DEBUG - http://money.eastmoney.com 200 ok
2017-09-06 05:18:49,197 - connect.open.42 - DEBUG - http://bond.eastmoney.com 200 ok
2017-09-06 05:18:49,198 - connect.open.42 - DEBUG - http://insurance.eastmoney.com 200 ok
2017-09-06 05:18:49,202 - connect.open.42 - DEBUG - http://trust.eastmoney.com 200 ok
2017-09-06 05:18:49,222 - connect.open.42 - DEBUG - http://topic.eastmoney.com 200 ok
2017-09-06 05:18:49,235 - connect.open.42 - DEBUG - http://gold.eastmoney.com 200 ok
2017-09-06 05:18:49,236 - connect.open.42 - DEBUG - http://caipiao.eastmoney.com 200 ok
2017-09-06 05:18:49,244 - connect.open.42 - DEBUG - http://same.eastmoney.com 200 ok
2017-09-06 05:18:49,269 - connect.open.49 - WARNING - http://stattg.eastmoney.com 404 failed
2017-09-06 05:18:49,280 - connect.open.42 - DEBUG - http://life.eastmoney.com 200 ok
2017-09-06 05:18:49,309 - connect.open.42 - DEBUG - http://data.eastmoney.com 200 ok
2017-09-06 05:18:49,322 - connect.open.42 - DEBUG - http://kuaixun.eastmoney.com 200 ok
2017-09-06 05:18:49,384 - connect.open.42 - DEBUG - http://contest.eastmoney.com 200 ok
2017-09-06 05:18:49,467 - connect.open.42 - DEBUG - https://contest.securities.eastmoney.com 200 ok
2017-09-06 05:18:49,490 - connect.open.42 - DEBUG - http://gpkh.eastmoney.com 200 ok
2017-09-06 05:18:49,516 - connect.open.49 - WARNING - https://passport.eastmoney.com 403 failed
2017-09-06 05:18:49,540 - connect.open.42 - DEBUG - http://gubatopic.eastmoney.com 200 ok
2017-09-06 05:18:49,691 - connect.open.42 - DEBUG - http://blog.eastmoney.com 200 ok
2017-09-06 05:18:49,726 - connect.open.42 - DEBUG - http://vote.eastmoney.com 200 ok
2017-09-06 05:18:50,179 - connect.open.42 - DEBUG - http://guba.eastmoney.com 200 ok
2017-09-06 05:18:50,181 - connect.open.42 - DEBUG - http://fundsc.eastmoney.com 200 ok
2017-09-06 05:18:50,204 - connect.open.42 - DEBUG - http://global.eastmoney.com 200 ok
2017-09-06 05:18:50,232 - connect.open.42 - DEBUG - http://fundbook.eastmoney.com 200 ok
2017-09-06 05:18:50,238 - connect.open.42 - DEBUG - http://enterprise.eastmoney.com 200 ok
2017-09-06 05:18:50,258 - connect.open.42 - DEBUG - http://roll.eastmoney.com 200 ok
2017-09-06 05:18:50,274 - connect.open.42 - DEBUG - https://acttg.eastmoney.com 200 ok
2017-09-06 05:18:50,726 - connect.open.42 - DEBUG - https://zqhd.eastmoney.com 200 ok
2017-09-06 05:18:50,761 - connect.open.42 - DEBUG - http://jigou.eastmoney.com 200 ok
2017-09-06 05:18:50,779 - connect.open.42 - DEBUG - http://video.eastmoney.com 200 ok
2017-09-06 05:18:50,831 - connect.open.42 - DEBUG - http://toujiao.eastmoney.com 200 ok
2017-09-06 05:18:51,035 - connect.open.42 - DEBUG - http://iguba.eastmoney.com 200 ok
2017-09-06 05:18:51,171 - connect.open.42 - DEBUG - http://media.eastmoney.com 200 ok
2017-09-06 05:18:51,176 - connect.open.42 - DEBUG - http://biz.eastmoney.com 200 ok
2017-09-06 05:18:51,183 - connect.open.42 - DEBUG - http://auto.eastmoney.com 200 ok
2017-09-06 05:18:51,189 - connect.open.42 - DEBUG - http://renwu.eastmoney.com 200 ok
2017-09-06 05:18:51,238 - connect.open.42 - DEBUG - http://so.eastmoney.com 200 ok
2017-09-06 05:18:51,259 - connect.open.42 - DEBUG - http://about.eastmoney.com 200 ok
2017-09-06 05:18:51,270 - connect.open.42 - DEBUG - http://emhd2.eastmoney.com 200 ok
2017-09-06 05:18:51,332 - connect.open.42 - DEBUG - http://corp.eastmoney.com 200 ok
2017-09-06 05:18:52,023 - connect.open.42 - DEBUG - http://simu.eastmoney.com 200 ok
2017-09-06 05:18:52,150 - connect.open.42 - DEBUG - http://futures.eastmoney.com 200 ok
2017-09-06 05:18:52,153 - connect.open.42 - DEBUG - http://xinsanban.eastmoney.com 200 ok
2017-09-06 05:18:52,158 - connect.open.42 - DEBUG - http://option.eastmoney.com 200 ok
2017-09-06 05:18:52,163 - connect.open.42 - DEBUG - http://jijinba.eastmoney.com 200 ok
2017-09-06 05:18:52,201 - connect.open.42 - DEBUG - http://bank.eastmoney.com 200 ok
2017-09-06 05:18:52,204 - connect.open.42 - DEBUG - http://caifuhao.eastmoney.com 200 ok
2017-09-06 05:18:52,284 - connect.open.42 - DEBUG - http://mp.caifuhao.eastmoney.com 200 ok
2017-09-06 05:18:52,286 - connect.open.42 - DEBUG - http://show.eastmoney.com 200 ok
2017-09-06 05:18:52,304 - connect.open.42 - DEBUG - http://control.blog.eastmoney.com 200 ok
2017-09-06 05:18:52,321 - connect.open.42 - DEBUG - https://kh.eastmoney.com 200 ok
2017-09-06 05:18:52,906 - connect.open.42 - DEBUG - http://mingjia.eastmoney.com 200 ok
2017-09-06 05:18:53,476 - connect.open.42 - DEBUG - https://hkjy.eastmoney.com 200 ok
2017-09-06 05:18:54,248 - connect.open.42 - DEBUG - http://choice.eastmoney.com 200 ok
2017-09-06 05:23:17,903 - connect.open.47 - WARNING - 'NoneType' object has no attribute 'items'
2017-09-06 05:24:00,798 - connect.open.47 - WARNING - 'NoneType' object has no attribute 'items'
2017-09-06 05:24:00,798 - connect.open.48 - ERROR - Exception Logged
Traceback (most recent call last):
  File "/root/tools/Information-Gathering/info-scan/lib/connection/connect.py", line 35, in open
    request = urllib2.Request(url, data, self.headers)
  File "/usr/lib/python2.7/urllib2.py", line 238, in __init__
    for key, value in headers.items():
AttributeError: 'NoneType' object has no attribute 'items'
